C:\workspace>appium
[Appium] Welcome to Appium v2.0.0-beta.45
[Appium] Attempting to load driver windows...
[debug] [Appium] Requiring driver at C:\Users\qahw\.appium\node_modules\appium-windows-driver
[Appium] Appium REST http interface listener started on 0.0.0.0:4723
[Appium] Available drivers:
[Appium]   - windows@2.1.1 (automationName 'Windows')
[Appium] No plugins have been installed. Use the "appium plugin" command to install the one(s) you want to use.
[debug] [HTTP] Request idempotency key: 91a663ae-014b-4b90-8d18-ec33032bf817
[HTTP] --> POST /session
[HTTP] {"capabilities":{"firstMatch":[{}],"alwaysMatch":{"appium:automationName":"Windows","platformName":"Windows","appium:app":"C:\\Arial\\Arial.exe","appium:appWorkingDir":"C:\\Arial","appium:systemPort":4724}}}
[debug] [AppiumDriver@ca82] Calling AppiumDriver.createSession() with args: [null,null,{"firstMatch":[{}],"alwaysMatch":{"appium:automationName":"Windows","platformName":"Windows","appium:app":"C:\\Arial\\Arial.exe","appium:appWorkingDir":"C:\\Arial","appium:systemPort":4724}}]
[debug] [AppiumDriver@ca82] Event 'newSessionRequested' logged at 1666254476787 (11:27:56 GMT+0300 (Israel Daylight Time))
[Appium] Attempting to find matching driver for automationName 'Windows' and platformName 'Windows'
[Appium] The 'windows' driver was installed and matched caps.
[Appium] Will require it at C:\Users\qahw\.appium\node_modules\appium-windows-driver
[debug] [Appium] Requiring driver at C:\Users\qahw\.appium\node_modules\appium-windows-driver
[AppiumDriver@ca82] Appium v2.0.0-beta.45 creating new WindowsDriver (v2.1.1) session
[AppiumDriver@ca82] Checking BaseDriver versions for Appium and WindowsDriver
[AppiumDriver@ca82] Appium's BaseDriver version is 8.7.3
[AppiumDriver@ca82] WindowsDriver's BaseDriver version is 8.7.3
[debug] [WindowsDriver@f017] Creating session with W3C capabilities: {
[debug] [WindowsDriver@f017]   "alwaysMatch": {
[debug] [WindowsDriver@f017]     "platformName": "Windows",
[debug] [WindowsDriver@f017]     "appium:automationName": "Windows",
[debug] [WindowsDriver@f017]     "appium:app": "C:\\Arial\\Arial.exe",
[debug] [WindowsDriver@f017]     "appium:appWorkingDir": "C:\\Arial",
[debug] [WindowsDriver@f017]     "appium:systemPort": 4724
[debug] [WindowsDriver@f017]   },
[debug] [WindowsDriver@f017]   "firstMatch": [
[debug] [WindowsDriver@f017]     {}
[debug] [WindowsDriver@f017]   ]
[debug] [WindowsDriver@f017] }
[WindowsDriver@f017 (d1247616)] Session created with session id: d1247616-d6f1-41c2-ba1a-18d328599c4e
[debug] [WinAppDriver] Loaded WinAppDriver path from the APPIUM_WAD_PATH environment variable: C:\Program Files\Windows Application Driver\WinAppDriver.exe
[WindowsDriver@f017 (d1247616)] Spawning 'C:\Program Files\Windows Application Driver\WinAppDriver.exe' with args: ["4724/wd/hub"]
[debug] [WindowsDriver@f017 (d1247616)] Matched '/status' to command name 'getStatus'
[debug] [WindowsDriver@f017 (d1247616)] Proxying [GET /status] to [GET http://127.0.0.1:4724/wd/hub/status] with no body
[debug] [WindowsDriver@f017 (d1247616)] Windows Application Driver listening for requests at: http://127.0.0.1:4724/wd/hub
[debug] [WindowsDriver@f017 (d1247616)] Press ENTER to exit.
[debug] [WindowsDriver@f017 (d1247616)] ==========================================
[debug] [WindowsDriver@f017 (d1247616)] GET /wd/hub/status HTTP/1.1
[debug] [WindowsDriver@f017 (d1247616)] Accept: application/json, */*
[debug] [WindowsDriver@f017 (d1247616)] Connection: keep-alive
[debug] [WindowsDriver@f017 (d1247616)] Content-Type: application/json; charset=utf-8
[debug] [WindowsDriver@f017 (d1247616)] Host: 127.0.0.1:4724
[debug] [WindowsDriver@f017 (d1247616)] User-Agent: appium
[WindowsDriver@f017 (d1247616)] Got response with status 500: {"status":13,"value":{"error":"unknown error","message":"An unknown error occurred in the remote end while processing the command."}}
[debug] [W3C] Matched W3C error code 'unknown error' to UnknownError
[debug] [WindowsDriver@f017 (d1247616)] HTTP/1.1 500 Internal Error
[debug] [WindowsDriver@f017 (d1247616)] Content-Length: 133
[debug] [WindowsDriver@f017 (d1247616)] Content-Type: application/json
[debug] [WindowsDriver@f017 (d1247616)]
[debug] [WindowsDriver@f017 (d1247616)] {"status":13,"value":{"error":"unknown error","message":"An unknown error occurred in the remote end while processing the command."}}
[debug] [WindowsDriver@f017 (d1247616)] Matched '/status' to command name 'getStatus'
[debug] [WindowsDriver@f017 (d1247616)] Proxying [GET /status] to [GET http://127.0.0.1:4724/wd/hub/status] with no body
[debug] [WindowsDriver@f017 (d1247616)] ==========================================
[debug] [WindowsDriver@f017 (d1247616)] GET /wd/hub/status HTTP/1.1
[debug] [WindowsDriver@f017 (d1247616)] Accept: application/json, */*
[debug] [WindowsDriver@f017 (d1247616)] Connection: keep-alive
[debug] [WindowsDriver@f017 (d1247616)] Content-Type: application/json; charset=utf-8
[debug] [WindowsDriver@f017 (d1247616)] Host: 127.0.0.1:4724
[debug] [WindowsDriver@f017 (d1247616)] User-Agent: appium
[WindowsDriver@f017 (d1247616)] Got response with status 500: {"status":13,"value":{"error":"unknown error","message":"An unknown error occurred in the remote end while processing the command."}}
[debug] [W3C] Matched W3C error code 'unknown error' to UnknownError
[debug] [WindowsDriver@f017 (d1247616)] HTTP/1.1 500 Internal Error
[debug] [WindowsDriver@f017 (d1247616)] Content-Length: 133
[debug] [WindowsDriver@f017 (d1247616)] Content-Type: application/json
[debug] [WindowsDriver@f017 (d1247616)]
[debug] [WindowsDriver@f017 (d1247616)] {"status":13,"value":{"error":"unknown error","message":"An unknown error occurred in the remote end while processing the command."}}
[debug] [WindowsDriver@f017 (d1247616)] Matched '/status' to command name 'getStatus'
[debug] [WindowsDriver@f017 (d1247616)] Proxying [GET /status] to [GET http://127.0.0.1:4724/wd/hub/status] with no body
[debug] [WindowsDriver@f017 (d1247616)] ==========================================
[debug] [WindowsDriver@f017 (d1247616)] GET /wd/hub/status HTTP/1.1
[debug] [WindowsDriver@f017 (d1247616)] Accept: application/json, */*
[debug] [WindowsDriver@f017 (d1247616)] Connection: keep-alive
[debug] [WindowsDriver@f017 (d1247616)] Content-Type: application/json; charset=utf-8
[debug] [WindowsDriver@f017 (d1247616)] Host: 127.0.0.1:4724
[debug] [WindowsDriver@f017 (d1247616)] User-Agent: appium
[WindowsDriver@f017 (d1247616)] Got response with status 500: {"status":13,"value":{"error":"unknown error","message":"An unknown error occurred in the remote end while processing the command."}}
[debug] [W3C] Matched W3C error code 'unknown error' to UnknownError
[debug] [WindowsDriver@f017 (d1247616)] HTTP/1.1 500 Internal Error
[debug] [WindowsDriver@f017 (d1247616)] Content-Length: 133
[debug] [WindowsDriver@f017 (d1247616)] Content-Type: application/json
[debug] [WindowsDriver@f017 (d1247616)]
[debug] [WindowsDriver@f017 (d1247616)] {"status":13,"value":{"error":"unknown error","message":"An unknown error occurred in the remote end while processing the command."}}
[debug] [WindowsDriver@f017 (d1247616)] Matched '/status' to command name 'getStatus'
[debug] [WindowsDriver@f017 (d1247616)] Proxying [GET /status] to [GET http://127.0.0.1:4724/wd/hub/status] with no body
[debug] [WindowsDriver@f017 (d1247616)] ==========================================
[debug] [WindowsDriver@f017 (d1247616)] GET /wd/hub/status HTTP/1.1
[debug] [WindowsDriver@f017 (d1247616)] Accept: application/json, */*
[debug] [WindowsDriver@f017 (d1247616)] Connection: keep-alive
[debug] [WindowsDriver@f017 (d1247616)] Content-Type: application/json; charset=utf-8
[debug] [WindowsDriver@f017 (d1247616)] Host: 127.0.0.1:4724
[debug] [WindowsDriver@f017 (d1247616)] User-Agent: appium
[WindowsDriver@f017 (d1247616)] Got response with status 500: {"status":13,"value":{"error":"unknown error","message":"An unknown error occurred in the remote end while processing the command."}}
[debug] [W3C] Matched W3C error code 'unknown error' to UnknownError
[debug] [WindowsDriver@f017 (d1247616)] HTTP/1.1 500 Internal Error
[debug] [WindowsDriver@f017 (d1247616)] Content-Length: 133
[debug] [WindowsDriver@f017 (d1247616)] Content-Type: application/json
[debug] [WindowsDriver@f017 (d1247616)]
[debug] [WindowsDriver@f017 (d1247616)] {"status":13,"value":{"error":"unknown error","message":"An unknown error occurred in the remote end while processing the command."}}
[debug] [WindowsDriver@f017 (d1247616)] Matched '/status' to command name 'getStatus'
[debug] [WindowsDriver@f017 (d1247616)] Proxying [GET /status] to [GET http://127.0.0.1:4724/wd/hub/status] with no body
[debug] [WindowsDriver@f017 (d1247616)] ==========================================
[debug] [WindowsDriver@f017 (d1247616)] GET /wd/hub/status HTTP/1.1
[debug] [WindowsDriver@f017 (d1247616)] Accept: application/json, */*
[debug] [WindowsDriver@f017 (d1247616)] Connection: keep-alive
[debug] [WindowsDriver@f017 (d1247616)] Content-Type: application/json; charset=utf-8
[debug] [WindowsDriver@f017 (d1247616)] Host: 127.0.0.1:4724
[debug] [WindowsDriver@f017 (d1247616)] User-Agent: appium
[WindowsDriver@f017 (d1247616)] Got response with status 500: {"status":13,"value":{"error":"unknown error","message":"An unknown error occurred in the remote end while processing the command."}}
[debug] [W3C] Matched W3C error code 'unknown error' to UnknownError
[debug] [WindowsDriver@f017 (d1247616)] HTTP/1.1 500 Internal Error
[debug] [WindowsDriver@f017 (d1247616)] Content-Length: 133
[debug] [WindowsDriver@f017 (d1247616)] Content-Type: application/json
[debug] [WindowsDriver@f017 (d1247616)]
[debug] [WindowsDriver@f017 (d1247616)] {"status":13,"value":{"error":"unknown error","message":"An unknown error occurred in the remote end while processing the command."}}
[debug] [WindowsDriver@f017 (d1247616)] Matched '/status' to command name 'getStatus'
[debug] [WindowsDriver@f017 (d1247616)] Proxying [GET /status] to [GET http://127.0.0.1:4724/wd/hub/status] with no body
[debug] [WindowsDriver@f017 (d1247616)] ==========================================
[debug] [WindowsDriver@f017 (d1247616)] GET /wd/hub/status HTTP/1.1
[debug] [WindowsDriver@f017 (d1247616)] Accept: application/json, */*
[debug] [WindowsDriver@f017 (d1247616)] Connection: keep-alive
[debug] [WindowsDriver@f017 (d1247616)] Content-Type: application/json; charset=utf-8
[debug] [WindowsDriver@f017 (d1247616)] Host: 127.0.0.1:4724
[debug] [WindowsDriver@f017 (d1247616)] User-Agent: appium
[WindowsDriver@f017 (d1247616)] Got response with status 500: {"status":13,"value":{"error":"unknown error","message":"An unknown error occurred in the remote end while processing the command."}}
[debug] [W3C] Matched W3C error code 'unknown error' to UnknownError
[debug] [WindowsDriver@f017 (d1247616)] HTTP/1.1 500 Internal Error
[debug] [WindowsDriver@f017 (d1247616)] Content-Length: 133
[debug] [WindowsDriver@f017 (d1247616)] Content-Type: application/json
[debug] [WindowsDriver@f017 (d1247616)]
[debug] [WindowsDriver@f017 (d1247616)] {"status":13,"value":{"error":"unknown error","message":"An unknown error occurred in the remote end while processing the command."}}
[debug] [WindowsDriver@f017 (d1247616)] Matched '/status' to command name 'getStatus'
[debug] [WindowsDriver@f017 (d1247616)] Proxying [GET /status] to [GET http://127.0.0.1:4724/wd/hub/status] with no body
[debug] [WindowsDriver@f017 (d1247616)] ==========================================
[debug] [WindowsDriver@f017 (d1247616)] GET /wd/hub/status HTTP/1.1
[debug] [WindowsDriver@f017 (d1247616)] Accept: application/json, */*
[debug] [WindowsDriver@f017 (d1247616)] Connection: keep-alive
[debug] [WindowsDriver@f017 (d1247616)] Content-Type: application/json; charset=utf-8
[debug] [WindowsDriver@f017 (d1247616)] Host: 127.0.0.1:4724
[debug] [WindowsDriver@f017 (d1247616)] User-Agent: appium
[WindowsDriver@f017 (d1247616)] Got response with status 500: {"status":13,"value":{"error":"unknown error","message":"An unknown error occurred in the remote end while processing the command."}}
[debug] [W3C] Matched W3C error code 'unknown error' to UnknownError
[debug] [WindowsDriver@f017 (d1247616)] HTTP/1.1 500 Internal Error
[debug] [WindowsDriver@f017 (d1247616)] Content-Length: 133
[debug] [WindowsDriver@f017 (d1247616)] Content-Type: application/json
[debug] [WindowsDriver@f017 (d1247616)]
[debug] [WindowsDriver@f017 (d1247616)] {"status":13,"value":{"error":"unknown error","message":"An unknown error occurred in the remote end while processing the command."}}
[debug] [WindowsDriver@f017 (d1247616)] Matched '/status' to command name 'getStatus'
[debug] [WindowsDriver@f017 (d1247616)] Proxying [GET /status] to [GET http://127.0.0.1:4724/wd/hub/status] with no body
[debug] [WindowsDriver@f017 (d1247616)] ==========================================
[debug] [WindowsDriver@f017 (d1247616)] GET /wd/hub/status HTTP/1.1
[debug] [WindowsDriver@f017 (d1247616)] Accept: application/json, */*
[debug] [WindowsDriver@f017 (d1247616)] Connection: keep-alive
[debug] [WindowsDriver@f017 (d1247616)] Content-Type: application/json; charset=utf-8
[debug] [WindowsDriver@f017 (d1247616)] Host: 127.0.0.1:4724
[debug] [WindowsDriver@f017 (d1247616)] User-Agent: appium
[WindowsDriver@f017 (d1247616)] Got response with status 500: {"status":13,"value":{"error":"unknown error","message":"An unknown error occurred in the remote end while processing the command."}}
[debug] [W3C] Matched W3C error code 'unknown error' to UnknownError
[debug] [WindowsDriver@f017 (d1247616)] HTTP/1.1 500 Internal Error
[debug] [WindowsDriver@f017 (d1247616)] Content-Length: 133
[debug] [WindowsDriver@f017 (d1247616)] Content-Type: application/json
[debug] [WindowsDriver@f017 (d1247616)]
[debug] [WindowsDriver@f017 (d1247616)] {"status":13,"value":{"error":"unknown error","message":"An unknown error occurred in the remote end while processing the command."}}
[debug] [WindowsDriver@f017 (d1247616)] Matched '/status' to command name 'getStatus'
[debug] [WindowsDriver@f017 (d1247616)] Proxying [GET /status] to [GET http://127.0.0.1:4724/wd/hub/status] with no body
[debug] [WindowsDriver@f017 (d1247616)] ==========================================
[debug] [WindowsDriver@f017 (d1247616)] GET /wd/hub/status HTTP/1.1
[debug] [WindowsDriver@f017 (d1247616)] Accept: application/json, */*
[debug] [WindowsDriver@f017 (d1247616)] Connection: keep-alive
[debug] [WindowsDriver@f017 (d1247616)] Content-Type: application/json; charset=utf-8
[debug] [WindowsDriver@f017 (d1247616)] Host: 127.0.0.1:4724
[debug] [WindowsDriver@f017 (d1247616)] User-Agent: appium
[WindowsDriver@f017 (d1247616)] Got response with status 500: {"status":13,"value":{"error":"unknown error","message":"An unknown error occurred in the remote end while processing the command."}}
[debug] [W3C] Matched W3C error code 'unknown error' to UnknownError
[debug] [WindowsDriver@f017 (d1247616)] HTTP/1.1 500 Internal Error
[debug] [WindowsDriver@f017 (d1247616)] Content-Length: 133
[debug] [WindowsDriver@f017 (d1247616)] Content-Type: application/json
[debug] [WindowsDriver@f017 (d1247616)]
[debug] [WindowsDriver@f017 (d1247616)] {"status":13,"value":{"error":"unknown error","message":"An unknown error occurred in the remote end while processing the command."}}
[debug] [WindowsDriver@f017 (d1247616)] Matched '/status' to command name 'getStatus'
[debug] [WindowsDriver@f017 (d1247616)] Proxying [GET /status] to [GET http://127.0.0.1:4724/wd/hub/status] with no body
[debug] [WindowsDriver@f017 (d1247616)] ==========================================
[debug] [WindowsDriver@f017 (d1247616)] GET /wd/hub/status HTTP/1.1
[debug] [WindowsDriver@f017 (d1247616)] Accept: application/json, */*
[debug] [WindowsDriver@f017 (d1247616)] Connection: keep-alive
[debug] [WindowsDriver@f017 (d1247616)] Content-Type: application/json; charset=utf-8
[debug] [WindowsDriver@f017 (d1247616)] Host: 127.0.0.1:4724
[debug] [WindowsDriver@f017 (d1247616)] User-Agent: appium
[WindowsDriver@f017 (d1247616)] Got response with status 500: {"status":13,"value":{"error":"unknown error","message":"An unknown error occurred in the remote end while processing the command."}}
[debug] [W3C] Matched W3C error code 'unknown error' to UnknownError
[debug] [WindowsDriver@f017 (d1247616)] HTTP/1.1 500 Internal Error
[debug] [WindowsDriver@f017 (d1247616)] Content-Length: 133
[debug] [WindowsDriver@f017 (d1247616)] Content-Type: application/json
[debug] [WindowsDriver@f017 (d1247616)]
[debug] [WindowsDriver@f017 (d1247616)] {"status":13,"value":{"error":"unknown error","message":"An unknown error occurred in the remote end while processing the command."}}
[debug] [WindowsDriver@f017 (d1247616)] Matched '/status' to command name 'getStatus'
[debug] [WindowsDriver@f017 (d1247616)] Proxying [GET /status] to [GET http://127.0.0.1:4724/wd/hub/status] with no body
[debug] [WindowsDriver@f017 (d1247616)] ==========================================
[debug] [WindowsDriver@f017 (d1247616)] GET /wd/hub/status HTTP/1.1
[debug] [WindowsDriver@f017 (d1247616)] Accept: application/json, */*
[debug] [WindowsDriver@f017 (d1247616)] Connection: keep-alive
[debug] [WindowsDriver@f017 (d1247616)] Content-Type: application/json; charset=utf-8
[debug] [WindowsDriver@f017 (d1247616)] Host: 127.0.0.1:4724
[debug] [WindowsDriver@f017 (d1247616)] User-Agent: appium
[WindowsDriver@f017 (d1247616)] Got response with status 500: {"status":13,"value":{"error":"unknown error","message":"An unknown error occurred in the remote end while processing the command."}}
[debug] [W3C] Matched W3C error code 'unknown error' to UnknownError
[debug] [WindowsDriver@f017 (d1247616)] Deleting WinAppDriver session
[debug] [WindowsDriver@f017 (d1247616)] HTTP/1.1 500 Internal Error
[debug] [WindowsDriver@f017 (d1247616)] Content-Length: 133
[debug] [WindowsDriver@f017 (d1247616)] Content-Type: application/json
[debug] [WindowsDriver@f017 (d1247616)]
[debug] [WindowsDriver@f017 (d1247616)] {"status":13,"value":{"error":"unknown error","message":"An unknown error occurred in the remote end while processing the command."}}
[WindowsDriver@f017 (d1247616)] WinAppDriver exited with code null, signal SIGTERM
[debug] [AppiumDriver@ca82] Event 'newSessionStarted' logged at 1666254486971 (11:28:06 GMT+0300 (Israel Daylight Time))
[debug] [AppiumDriver@ca82] Encountered internal error running command: Error: WinAppDriver server is not listening within 10000ms timeout. Make sure it could be started manually
[debug] [AppiumDriver@ca82]     at WinAppDriver.start (C:\Users\qahw\.appium\node_modules\appium-windows-driver\lib\winappdriver.js:157:15)
[debug] [AppiumDriver@ca82]     at processTicksAndRejections (node:internal/process/task_queues:96:5)
[debug] [AppiumDriver@ca82]     at WindowsDriver.startWinAppDriverSession (C:\Users\qahw\.appium\node_modules\appium-windows-driver\lib\driver.js:87:5)
[debug] [AppiumDriver@ca82]     at WindowsDriver.createSession (C:\Users\qahw\.appium\node_modules\appium-windows-driver\lib\driver.js:75:7)
[debug] [AppiumDriver@ca82]     at AppiumDriver.createSession (C:\Users\qahw\AppData\Roaming\npm\node_modules\appium\lib\appium.js:336:35)
[HTTP] <-- POST /session 500 10401 ms - 761
[HTTP]
