Command line invocation:
    /Applications/Xcode.app/Contents/Developer/usr/bin/xcodebuild build-for-testing test-without-building -project /Users/mac-auto-03/.appium/node_modules/appium-xcuitest-driver/node_modules/appium-webdriveragent/WebDriverAgent.xcodeproj -scheme WebDriverAgentRunner -derivedDataPath /Users/mac-auto-03/Desktop/xcode/WebDriverAgent-gumfbzqdnxozvhfskwicepuzaxuz -destination id=00008110-001115E41185401E IPHONEOS_DEPLOYMENT_TARGET=16.5 -xcconfig /var/folders/rp/3z7xhhfd09j62ntn209c8rxh0000gn/T/2023616-1446-j309y6.nlxw/appium-temp.xcconfig GCC_TREAT_WARNINGS_AS_ERRORS=0 COMPILER_INDEX_STORE_ENABLE=NO

User defaults from command line:
    IDEDerivedDataPathOverride = /Users/mac-auto-03/Desktop/xcode/WebDriverAgent-gumfbzqdnxozvhfskwicepuzaxuz
    IDEPackageSupportUseBuiltinSCM = YES

Build settings from command line:
    COMPILER_INDEX_STORE_ENABLE = NO
    GCC_TREAT_WARNINGS_AS_ERRORS = 0
    IPHONEOS_DEPLOYMENT_TARGET = 16.5

Build settings from configuration file '/var/folders/rp/3z7xhhfd09j62ntn209c8rxh0000gn/T/2023616-1446-j309y6.nlxw/appium-temp.xcconfig':
    CODE_SIGN_IDENTITY = iPhone Developer
    DEVELOPMENT_TEAM = BX9P2F4G47

Prepare packages

note: Using codesigning identity override: iPhone Developer
Computing target dependency graph and provisioning inputs

Create build description
Build description signature: abde29dafc3a04276168476473085e34
Build description path: /Users/mac-auto-03/Desktop/xcode/WebDriverAgent-gumfbzqdnxozvhfskwicepuzaxuz/Build/Intermediates.noindex/XCBuildData/abde29dafc3a04276168476473085e34.xcbuilddata

note: Building targets in dependency order
ClangStatCache /Applications/Xcode.app/Contents/Developer/Toolchains/XcodeDefault.xctoolchain/usr/bin/clang-stat-cache /Applications/Xcode.app/Contents/Developer/Platforms/iPhoneOS.platform/Developer/SDKs/iPhoneOS16.4.sdk /Users/mac-auto-03/Desktop/xcode/WebDriverAgent-gumfbzqdnxozvhfskwicepuzaxuz/SDKStatCaches.noindex/iphoneos16.4-20E238-.sdkstatcache
    cd /Users/mac-auto-03/.appium/node_modules/appium-xcuitest-driver/node_modules/appium-webdriveragent/WebDriverAgent.xcodeproj
    /Applications/Xcode.app/Contents/Developer/Toolchains/XcodeDefault.xctoolchain/usr/bin/clang-stat-cache /Applications/Xcode.app/Contents/Developer/Platforms/iPhoneOS.platform/Developer/SDKs/iPhoneOS16.4.sdk -o /Users/mac-auto-03/Desktop/xcode/WebDriverAgent-gumfbzqdnxozvhfskwicepuzaxuz/SDKStatCaches.noindex/iphoneos16.4-20E238-.sdkstatcache

/Users/mac-auto-03/.appium/node_modules/appium-xcuitest-driver/node_modules/appium-webdriveragent/WebDriverAgent.xcodeproj: warning: The iOS deployment target 'IPHONEOS_DEPLOYMENT_TARGET' is set to 16.5, but the range of supported deployment target versions is 11.0 to 16.4.99. (in target 'WebDriverAgentLib' from project 'WebDriverAgent')
ProcessInfoPlistFile /Users/mac-auto-03/Desktop/xcode/WebDriverAgent-gumfbzqdnxozvhfskwicepuzaxuz/Build/Products/Debug-iphoneos/WebDriverAgentLib.framework/Info.plist /Users/mac-auto-03/.appium/node_modules/appium-xcuitest-driver/node_modules/appium-webdriveragent/WebDriverAgentLib/Info.plist (in target 'WebDriverAgentLib' from project 'WebDriverAgent')
    cd /Users/mac-auto-03/.appium/node_modules/appium-xcuitest-driver/node_modules/appium-webdriveragent
    builtin-infoPlistUtility /Users/mac-auto-03/.appium/node_modules/appium-xcuitest-driver/node_modules/appium-webdriveragent/WebDriverAgentLib/Info.plist -producttype com.apple.product-type.framework -expandbuildsettings -format binary -platform iphoneos -requiredArchitecture arm64 -o /Users/mac-auto-03/Desktop/xcode/WebDriverAgent-gumfbzqdnxozvhfskwicepuzaxuz/Build/Products/Debug-iphoneos/WebDriverAgentLib.framework/Info.plist
/Users/mac-auto-03/.appium/node_modules/appium-xcuitest-driver/node_modules/appium-webdriveragent/WebDriverAgent.xcodeproj: warning: User-supplied CFBundleIdentifier value 'com.facebook.wda.lib' in the Info.plist must be the same as the PRODUCT_BUNDLE_IDENTIFIER build setting value 'com.facebook.WebDriverAgentLib'. (in target 'WebDriverAgentLib' from project 'WebDriverAgent')

CodeSign /Users/mac-auto-03/Desktop/xcode/WebDriverAgent-gumfbzqdnxozvhfskwicepuzaxuz/Build/Products/Debug-iphoneos/WebDriverAgentLib.framework (in target 'WebDriverAgentLib' from project 'WebDriverAgent')
    cd /Users/mac-auto-03/.appium/node_modules/appium-xcuitest-driver/node_modules/appium-webdriveragent
    
    Signing Identity:     "Apple Development: Boaz Warshawsky (64346ZGX3F)"
    
    /usr/bin/codesign --force --sign 37B4ECD356A1383195FE9CC371D758C0609670BE --timestamp\=none --generate-entitlement-der /Users/mac-auto-03/Desktop/xcode/WebDriverAgent-gumfbzqdnxozvhfskwicepuzaxuz/Build/Products/Debug-iphoneos/WebDriverAgentLib.framework
/Users/mac-auto-03/Desktop/xcode/WebDriverAgent-gumfbzqdnxozvhfskwicepuzaxuz/Build/Products/Debug-iphoneos/WebDriverAgentLib.framework: replacing existing signature

/Users/mac-auto-03/.appium/node_modules/appium-xcuitest-driver/node_modules/appium-webdriveragent/WebDriverAgent.xcodeproj: warning: The iOS deployment target 'IPHONEOS_DEPLOYMENT_TARGET' is set to 16.5, but the range of supported deployment target versions is 11.0 to 16.4.99. (in target 'WebDriverAgentRunner' from project 'WebDriverAgent')
ProcessProductPackaging "" /Users/mac-auto-03/Desktop/xcode/WebDriverAgent-gumfbzqdnxozvhfskwicepuzaxuz/Build/Intermediates.noindex/WebDriverAgent.build/Debug-iphoneos/WebDriverAgentRunner.build/WebDriverAgentRunner.xctest.xcent (in target 'WebDriverAgentRunner' from project 'WebDriverAgent')
    cd /Users/mac-auto-03/.appium/node_modules/appium-xcuitest-driver/node_modules/appium-webdriveragent
    
    Entitlements:
    
    {
    "application-identifier" = "BX9P2F4G47.com.facebook.WebDriverAgentRunner.xctrunner";
    "com.apple.developer.team-identifier" = BX9P2F4G47;
    "get-task-allow" = 1;
    "keychain-access-groups" =     (
        "BX9P2F4G47.com.facebook.WebDriverAgentRunner.xctrunner"
    );
}
    
    builtin-productPackagingUtility -entitlements -format xml -o /Users/mac-auto-03/Desktop/xcode/WebDriverAgent-gumfbzqdnxozvhfskwicepuzaxuz/Build/Intermediates.noindex/WebDriverAgent.build/Debug-iphoneos/WebDriverAgentRunner.build/WebDriverAgentRunner.xctest.xcent

ProcessProductPackagingDER /Users/mac-auto-03/Desktop/xcode/WebDriverAgent-gumfbzqdnxozvhfskwicepuzaxuz/Build/Intermediates.noindex/WebDriverAgent.build/Debug-iphoneos/WebDriverAgentRunner.build/WebDriverAgentRunner.xctest.xcent /Users/mac-auto-03/Desktop/xcode/WebDriverAgent-gumfbzqdnxozvhfskwicepuzaxuz/Build/Intermediates.noindex/WebDriverAgent.build/Debug-iphoneos/WebDriverAgentRunner.build/WebDriverAgentRunner.xctest.xcent.der (in target 'WebDriverAgentRunner' from project 'WebDriverAgent')
    cd /Users/mac-auto-03/.appium/node_modules/appium-xcuitest-driver/node_modules/appium-webdriveragent
    /usr/bin/derq query -f xml -i /Users/mac-auto-03/Desktop/xcode/WebDriverAgent-gumfbzqdnxozvhfskwicepuzaxuz/Build/Intermediates.noindex/WebDriverAgent.build/Debug-iphoneos/WebDriverAgentRunner.build/WebDriverAgentRunner.xctest.xcent -o /Users/mac-auto-03/Desktop/xcode/WebDriverAgent-gumfbzqdnxozvhfskwicepuzaxuz/Build/Intermediates.noindex/WebDriverAgent.build/Debug-iphoneos/WebDriverAgentRunner.build/WebDriverAgentRunner.xctest.xcent.der --raw

Copy /Users/mac-auto-03/Desktop/xcode/WebDriverAgent-gumfbzqdnxozvhfskwicepuzaxuz/Build/Products/Debug-iphoneos/WebDriverAgentRunner-Runner.app/PlugIns/WebDriverAgentRunner.xctest/Frameworks/WebDriverAgentLib.framework /Users/mac-auto-03/Desktop/xcode/WebDriverAgent-gumfbzqdnxozvhfskwicepuzaxuz/Build/Products/Debug-iphoneos/WebDriverAgentLib.framework (in target 'WebDriverAgentRunner' from project 'WebDriverAgent')
    cd /Users/mac-auto-03/.appium/node_modules/appium-xcuitest-driver/node_modules/appium-webdriveragent
    builtin-copy -exclude .DS_Store -exclude CVS -exclude .svn -exclude .git -exclude .hg -exclude Headers -exclude PrivateHeaders -exclude Modules -exclude \*.tbd -bitcode-strip all -bitcode-strip-tool /Applications/Xcode.app/Contents/Developer/Toolchains/XcodeDefault.xctoolchain/usr/bin/bitcode_strip -resolve-src-symlinks /Users/mac-auto-03/Desktop/xcode/WebDriverAgent-gumfbzqdnxozvhfskwicepuzaxuz/Build/Products/Debug-iphoneos/WebDriverAgentLib.framework /Users/mac-auto-03/Desktop/xcode/WebDriverAgent-gumfbzqdnxozvhfskwicepuzaxuz/Build/Products/Debug-iphoneos/WebDriverAgentRunner-Runner.app/PlugIns/WebDriverAgentRunner.xctest/Frameworks
/Applications/Xcode.app/Contents/Developer/Toolchains/XcodeDefault.xctoolchain/usr/bin/bitcode_strip /Users/mac-auto-03/Desktop/xcode/WebDriverAgent-gumfbzqdnxozvhfskwicepuzaxuz/Build/Products/Debug-iphoneos/WebDriverAgentLib.framework/WebDriverAgentLib -r -o /Users/mac-auto-03/Desktop/xcode/WebDriverAgent-gumfbzqdnxozvhfskwicepuzaxuz/Build/Products/Debug-iphoneos/WebDriverAgentRunner-Runner.app/PlugIns/WebDriverAgentRunner.xctest/Frameworks/WebDriverAgentLib.framework/WebDriverAgentLib 
CodeSign /Users/mac-auto-03/Desktop/xcode/WebDriverAgent-gumfbzqdnxozvhfskwicepuzaxuz/Build/Products/Debug-iphoneos/WebDriverAgentRunner-Runner.app/PlugIns/WebDriverAgentRunner.xctest/Frameworks/WebDriverAgentLib.framework (in target 'WebDriverAgentRunner' from project 'WebDriverAgent')
    cd /Users/mac-auto-03/.appium/node_modules/appium-xcuitest-driver/node_modules/appium-webdriveragent
    
    Signing Identity:     "Apple Development: Boaz Warshawsky (64346ZGX3F)"
    Provisioning Profile: "iOS Team Provisioning Profile: *"
                          (3da2712f-65b5-4fcc-8f63-32e51dd49419)
    
    /usr/bin/codesign --force --sign 37B4ECD356A1383195FE9CC371D758C0609670BE --timestamp\=none --preserve-metadata\=identifier,entitlements,flags --generate-entitlement-der /Users/mac-auto-03/Desktop/xcode/WebDriverAgent-gumfbzqdnxozvhfskwicepuzaxuz/Build/Products/Debug-iphoneos/WebDriverAgentRunner-Runner.app/PlugIns/WebDriverAgentRunner.xctest/Frameworks/WebDriverAgentLib.framework
/Users/mac-auto-03/Desktop/xcode/WebDriverAgent-gumfbzqdnxozvhfskwicepuzaxuz/Build/Products/Debug-iphoneos/WebDriverAgentRunner-Runner.app/PlugIns/WebDriverAgentRunner.xctest/Frameworks/WebDriverAgentLib.framework: replacing existing signature

ProcessInfoPlistFile /Users/mac-auto-03/Desktop/xcode/WebDriverAgent-gumfbzqdnxozvhfskwicepuzaxuz/Build/Products/Debug-iphoneos/WebDriverAgentRunner-Runner.app/PlugIns/WebDriverAgentRunner.xctest/Info.plist /Users/mac-auto-03/.appium/node_modules/appium-xcuitest-driver/node_modules/appium-webdriveragent/WebDriverAgentRunner/Info.plist (in target 'WebDriverAgentRunner' from project 'WebDriverAgent')
    cd /Users/mac-auto-03/.appium/node_modules/appium-xcuitest-driver/node_modules/appium-webdriveragent
    builtin-infoPlistUtility /Users/mac-auto-03/.appium/node_modules/appium-xcuitest-driver/node_modules/appium-webdriveragent/WebDriverAgentRunner/Info.plist -producttype com.apple.product-type.bundle.ui-testing -expandbuildsettings -format binary -platform iphoneos -additionalcontentfile /Users/mac-auto-03/Desktop/xcode/WebDriverAgent-gumfbzqdnxozvhfskwicepuzaxuz/Build/Intermediates.noindex/WebDriverAgent.build/Debug-iphoneos/WebDriverAgentRunner.build/ProductTypeInfoPlistAdditions.plist -requiredArchitecture arm64 -o /Users/mac-auto-03/Desktop/xcode/WebDriverAgent-gumfbzqdnxozvhfskwicepuzaxuz/Build/Products/Debug-iphoneos/WebDriverAgentRunner-Runner.app/PlugIns/WebDriverAgentRunner.xctest/Info.plist
/Users/mac-auto-03/.appium/node_modules/appium-xcuitest-driver/node_modules/appium-webdriveragent/WebDriverAgent.xcodeproj: warning: User-supplied CFBundleIdentifier value 'com.facebook.wda.runner' in the Info.plist must be the same as the PRODUCT_BUNDLE_IDENTIFIER build setting value 'com.facebook.WebDriverAgentRunner'. (in target 'WebDriverAgentRunner' from project 'WebDriverAgent')

GenerateDSYMFile /Users/mac-auto-03/Desktop/xcode/WebDriverAgent-gumfbzqdnxozvhfskwicepuzaxuz/Build/Products/Debug-iphoneos/WebDriverAgentRunner-Runner.app/PlugIns/WebDriverAgentRunner.xctest.dSYM /Users/mac-auto-03/Desktop/xcode/WebDriverAgent-gumfbzqdnxozvhfskwicepuzaxuz/Build/Products/Debug-iphoneos/WebDriverAgentRunner-Runner.app/PlugIns/WebDriverAgentRunner.xctest/WebDriverAgentRunner (in target 'WebDriverAgentRunner' from project 'WebDriverAgent')
    cd /Users/mac-auto-03/.appium/node_modules/appium-xcuitest-driver/node_modules/appium-webdriveragent
    /Applications/Xcode.app/Contents/Developer/Toolchains/XcodeDefault.xctoolchain/usr/bin/dsymutil /Users/mac-auto-03/Desktop/xcode/WebDriverAgent-gumfbzqdnxozvhfskwicepuzaxuz/Build/Products/Debug-iphoneos/WebDriverAgentRunner-Runner.app/PlugIns/WebDriverAgentRunner.xctest/WebDriverAgentRunner -o /Users/mac-auto-03/Desktop/xcode/WebDriverAgent-gumfbzqdnxozvhfskwicepuzaxuz/Build/Products/Debug-iphoneos/WebDriverAgentRunner-Runner.app/PlugIns/WebDriverAgentRunner.xctest.dSYM

CodeSign /Users/mac-auto-03/Desktop/xcode/WebDriverAgent-gumfbzqdnxozvhfskwicepuzaxuz/Build/Products/Debug-iphoneos/WebDriverAgentRunner-Runner.app/PlugIns/WebDriverAgentRunner.xctest (in target 'WebDriverAgentRunner' from project 'WebDriverAgent')
    cd /Users/mac-auto-03/.appium/node_modules/appium-xcuitest-driver/node_modules/appium-webdriveragent
    
    Signing Identity:     "Apple Development: Boaz Warshawsky (64346ZGX3F)"
    Provisioning Profile: "iOS Team Provisioning Profile: *"
                          (3da2712f-65b5-4fcc-8f63-32e51dd49419)
    
    /usr/bin/codesign --force --sign 37B4ECD356A1383195FE9CC371D758C0609670BE --entitlements /Users/mac-auto-03/Desktop/xcode/WebDriverAgent-gumfbzqdnxozvhfskwicepuzaxuz/Build/Intermediates.noindex/WebDriverAgent.build/Debug-iphoneos/WebDriverAgentRunner.build/WebDriverAgentRunner.xctest.xcent --timestamp\=none --generate-entitlement-der /Users/mac-auto-03/Desktop/xcode/WebDriverAgent-gumfbzqdnxozvhfskwicepuzaxuz/Build/Products/Debug-iphoneos/WebDriverAgentRunner-Runner.app/PlugIns/WebDriverAgentRunner.xctest
/Users/mac-auto-03/Desktop/xcode/WebDriverAgent-gumfbzqdnxozvhfskwicepuzaxuz/Build/Products/Debug-iphoneos/WebDriverAgentRunner-Runner.app/PlugIns/WebDriverAgentRunner.xctest: replacing existing signature

CodeSign /Users/mac-auto-03/Desktop/xcode/WebDriverAgent-gumfbzqdnxozvhfskwicepuzaxuz/Build/Products/Debug-iphoneos/WebDriverAgentRunner-Runner.app (in target 'WebDriverAgentRunner' from project 'WebDriverAgent')
    cd /Users/mac-auto-03/.appium/node_modules/appium-xcuitest-driver/node_modules/appium-webdriveragent
    
    Signing Identity:     "Apple Development: Boaz Warshawsky (64346ZGX3F)"
    Provisioning Profile: "iOS Team Provisioning Profile: *"
                          (3da2712f-65b5-4fcc-8f63-32e51dd49419)
    
    /usr/bin/codesign --force --sign 37B4ECD356A1383195FE9CC371D758C0609670BE --entitlements /Users/mac-auto-03/Desktop/xcode/WebDriverAgent-gumfbzqdnxozvhfskwicepuzaxuz/Build/Intermediates.noindex/WebDriverAgent.build/Debug-iphoneos/WebDriverAgentRunner.build/WebDriverAgentRunner.xctest.xcent --timestamp\=none --generate-entitlement-der /Users/mac-auto-03/Desktop/xcode/WebDriverAgent-gumfbzqdnxozvhfskwicepuzaxuz/Build/Products/Debug-iphoneos/WebDriverAgentRunner-Runner.app
/Users/mac-auto-03/Desktop/xcode/WebDriverAgent-gumfbzqdnxozvhfskwicepuzaxuz/Build/Products/Debug-iphoneos/WebDriverAgentRunner-Runner.app: replacing existing signature

** TEST BUILD SUCCEEDED **

2023-07-17 08:07:19.855380+0300 WebDriverAgentRunner-Runner[35419:2395012] Running tests...
Test Suite 'All tests' started at 2023-07-17 08:07:20.260
Test Suite 'WebDriverAgentRunner.xctest' started at 2023-07-17 08:07:20.261
Test Suite 'UITestingUITests' started at 2023-07-17 08:07:20.261
    t =      nans Suite Set Up
2023-07-17 08:07:20.283332+0300 WebDriverAgentRunner-Runner[35419:2395012] [User Defaults] Couldn't write values for keys (
    KeyboardAutocorrection
) in CFPrefsPlistSource<0x28308d680> (Domain: com.apple.keyboard.preferences, User: kCFPreferencesCurrentUser, ByHost: No, Container: (null), Contents Need Refresh: No): setting preferences outside an application's container requires user-preference-write or file-write-data sandbox access
2023-07-17 08:07:20.283956+0300 WebDriverAgentRunner-Runner[35419:2395012] [User Defaults] Couldn't write values for keys (
    "KeyboardAutocorrection_changedAt"
) in CFPrefsPlistSource<0x28308d680> (Domain: com.apple.keyboard.preferences, User: kCFPreferencesCurrentUser, ByHost: No, Container: (null), Contents Need Refresh: No): setting preferences outside an application's container requires user-preference-write or file-write-data sandbox access
2023-07-17 08:07:20.284257+0300 WebDriverAgentRunner-Runner[35419:2395012] [User Defaults] Couldn't write values for keys (
    "KeyboardAutocorrection_buildAtChange"
) in CFPrefsPlistSource<0x28308d680> (Domain: com.apple.keyboard.preferences, User: kCFPreferencesCurrentUser, ByHost: No, Container: (null), Contents Need Refresh: No): setting preferences outside an application's container requires user-preference-write or file-write-data sandbox access
2023-07-17 08:07:20.284548+0300 WebDriverAgentRunner-Runner[35419:2395012] [User Defaults] Couldn't write values for keys (
    "KeyboardAutocorrection_previousValue"
) in CFPrefsPlistSource<0x28308d680> (Domain: com.apple.keyboard.preferences, User: kCFPreferencesCurrentUser, ByHost: No, Container: (null), Contents Need Refresh: No): setting preferences outside an application's container requires user-preference-write or file-write-data sandbox access
2023-07-17 08:07:20.284833+0300 WebDriverAgentRunner-Runner[35419:2395012] [User Defaults] Couldn't write values for keys (
    "KeyboardAutocorrection_analyzedAt"
) in CFPrefsPlistSource<0x28308d680> (Domain: com.apple.keyboard.preferences, User: kCFPreferencesCurrentUser, ByHost: No, Container: (null), Contents Need Refresh: No): setting preferences outside an application's container requires user-preference-write or file-write-data sandbox access
2023-07-17 08:07:20.294746+0300 WebDriverAgentRunner-Runner[35419:2395012] [User Defaults] Couldn't write values for keys (
    KeyboardPrediction
) in CFPrefsPlistSource<0x28308d680> (Domain: com.apple.keyboard.preferences, User: kCFPreferencesCurrentUser, ByHost: No, Container: (null), Contents Need Refresh: No): setting preferences outside an application's container requires user-preference-write or file-write-data sandbox access
2023-07-17 08:07:20.295094+0300 WebDriverAgentRunner-Runner[35419:2395012] [User Defaults] Couldn't write values for keys (
    KeyboardShowPredictionBar
) in CFPrefsPlistSource<0x28308d680> (Domain: com.apple.keyboard.preferences, User: kCFPreferencesCurrentUser, ByHost: No, Container: (null), Contents Need Refresh: No): setting preferences outside an application's container requires user-preference-write or file-write-data sandbox access
2023-07-17 08:07:20.295365+0300 WebDriverAgentRunner-Runner[35419:2395012] [User Defaults] Couldn't write values for keys (
    DidShowGestureKeyboardIntroduction
) in CFPrefsPlistSource<0x28308d680> (Domain: com.apple.keyboard.preferences, User: kCFPreferencesCurrentUser, ByHost: No, Container: (null), Contents Need Refresh: No): setting preferences outside an application's container requires user-preference-write or file-write-data sandbox access
Test Case '-[UITestingUITests testRunner]' started.
    t =     0.00s Start Test at 2023-07-17 08:07:20.299
    t =     0.00s Set Up
2023-07-17 08:07:20.300870+0300 WebDriverAgentRunner-Runner[35419:2395012] Built at Jul 16 2023 13:14:36
2023-07-17 08:07:20.309334+0300 WebDriverAgentRunner-Runner[35419:2395012] ServerURLHere->http://169.254.41.28:8100<-ServerURLHere
