{
  "os": {
    "platform": "win32",
    "release": "10.0.19045",
    "arch": "x64",
    "homedir": "C:\\Users\\QAHW",
    "username": "QAHW"
  },
  "node": {
    "version": "v16.20.2",
    "arch": "x64",
    "cwd": "C:\\Users\\QAHW\\Desktop",
    "argv": [
      "C:\\Program Files\\nodejs\\node.exe",
      "C:\\Users\\QAHW\\AppData\\Roaming\\npm\\node_modules\\appium\\index.js",
      "--show-debug-info"
    ],
    "env": {
      "ALLUSERSPROFILE": "C:\\ProgramData",
      "ANDROID_HOME": "C:\\Users\\QAHW\\AppData\\Local\\Android\\Sdk",
      "APPDATA": "C:\\Users\\QAHW\\AppData\\Roaming",
      "APPIUM_OMIT_PEER_DEPS": "1",
      "CommonProgramFiles": "C:\\Program Files\\Common Files",
      "CommonProgramFiles(x86)": "C:\\Program Files (x86)\\Common Files",
      "CommonProgramW6432": "C:\\Program Files\\Common Files",
      "COMPUTERNAME": "KDT-AUTO9",
      "ComSpec": "C:\\WINDOWS\\system32\\cmd.exe",
      "DriverData": "C:\\Windows\\System32\\Drivers\\DriverData",
      "ESET_OPTIONS": "                                                                                                                                                                                                                                                                                                                                                                                                                                                                                                                               ",
      "FPS_BROWSER_APP_PROFILE_STRING": "Internet Explorer",
      "FPS_BROWSER_USER_PROFILE_STRING": "Default",
      "HOMEDRIVE": "C:",
      "HOMEPATH": "\\Users\\QAHW",
      "LOCALAPPDATA": "C:\\Users\\QAHW\\AppData\\Local",
      "LOGONSERVER": "\\\\NZ-RD-AD1",
      "NIDAQmxSwitchDir": "C:\\Program Files (x86)\\National Instruments\\NI-DAQ\\Switch\\",
      "NIEXTCCOMPILERSUPP": "C:\\Program Files (x86)\\National Instruments\\Shared\\ExternalCompilerSupport\\C\\",
      "NODE_PATH": "C:\\Users\\QAHW\\AppData\\Roaming\\npm\\node_modules",
      "NUMBER_OF_PROCESSORS": "4",
      "OneDrive": "C:\\Users\\QAHW\\OneDrive",
      "OnlineServices": "Online Services",
      "OS": "Windows_NT",
      "Path": "C:\\Python313\\Scripts\\;C:\\Python313\\;C:\\Program Files\\Common Files\\Oracle\\Java\\javapath;C:\\Program Files\\Python310\\Scripts\\;C:\\Program Files\\Python310\\;C:\\Program Files (x86)\\Common Files\\Oracle\\Java\\javapath;C:\\Program Files (x86)\\Intel\\Intel(R) Management Engine Components\\iCLS\\;C:\\Program Files\\Intel\\Intel(R) Management Engine Components\\iCLS\\;C:\\WINDOWS\\system32;C:\\WINDOWS;C:\\WINDOWS\\System32\\Wbem;C:\\WINDOWS\\System32\\WindowsPowerShell\\v1.0\\;C:\\WINDOWS\\System32\\OpenSSH\\;C:\\Program Files (x86)\\Intel\\Intel(R) Management Engine Components\\DAL;C:\\Program Files\\Intel\\Intel(R) Management Engine Components\\DAL;C:\\Program Files (x86)\\Intel\\Intel(R) Management Engine Components\\IPT;C:\\Program Files\\Intel\\Intel(R) Management Engine Components\\IPT;C:\\Program Files (x86)\\IVI Foundation\\VISA\\WinNT\\Bin\\;C:\\Program Files\\IVI Foundation\\VISA\\Win64\\Bin\\;C:\\Program Files (x86)\\IVI Foundation\\VISA\\WinNT\\Bin;C:\\HW_Automation_Python\\Robot\\;C:\\Program Files\\Git\\cmd;C:\\Users\\QAHW\\AppData\\Local\\Android\\Sdk\\platform-tools;C:\\Users\\QAHW\\AppData\\Local\\Android\\Sdk;C:\\Program Files\\nodejs\\;C:\\Python37\\Scripts\\;C:\\Python37\\;C:\\Users\\QAHW\\AppData\\Local\\Microsoft\\WindowsApps;;C:\\Program Files\\JetBrains\\PyCharm Community Edition 2021.3.2\\bin;;C:\\Users\\QAHW\\AppData\\Roaming\\npm",
      "PATHEXT": ".COM;.EXE;.BAT;.CMD;.VBS;.VBE;.JS;.JSE;.WSF;.WSH;.MSC;.PY;.PYW",
      "platformcode": "7F",
      "PROCESSOR_ARCHITECTURE": "AMD64",
      "PROCESSOR_IDENTIFIER": "Intel64 Family 6 Model 158 Stepping 9, GenuineIntel",
      "PROCESSOR_LEVEL": "6",
      "PROCESSOR_REVISION": "9e09",
      "ProgramData": "C:\\ProgramData",
      "ProgramFiles": "C:\\Program Files",
      "ProgramFiles(x86)": "C:\\Program Files (x86)",
      "ProgramW6432": "C:\\Program Files",
      "PROMPT": "$P$G",
      "PSModulePath": "C:\\Program Files\\WindowsPowerShell\\Modules;C:\\WINDOWS\\system32\\WindowsPowerShell\\v1.0\\Modules",
      "PTSMINSTALLPATH": "c:\\Program Files\\HP\\HP ProtectTools Security Manager\\Bin\\",
      "PTSMINSTALLPATH_X86": "c:\\Program Files (x86)\\HP\\HP ProtectTools Security Manager\\Bin\\",
      "PUBLIC": "C:\\Users\\Public",
      "PyCharm Community Edition": "C:\\Program Files\\JetBrains\\PyCharm Community Edition 2021.3.2\\bin;",
      "PYTHONPATH": "C:\\workspace\\products-automation-framework",
      "RegionCode": "EMEA",
      "ROBOT_PATH": "C:\\HW_Automation_Python\\robot-framework\\",
      "SESSIONNAME": "Console",
      "SystemDrive": "C:",
      "SystemRoot": "C:\\WINDOWS",
      "TEMP": "C:\\Users\\QAHW\\AppData\\Local\\Temp",
      "TMP": "C:\\Users\\QAHW\\AppData\\Local\\Temp",
      "UATDATA": "C:\\windows\\CCM\\UATData\\D9F8C395-CAB8-491d-B8AC-179A1FE1BE77",
      "USERDNSDOMAIN": "CORP.AEROSCOUT.COM",
      "USERDOMAIN": "AEROSCOUT",
      "USERDOMAIN_ROAMINGPROFILE": "AEROSCOUT",
      "USERNAME": "QAHW",
      "USERPROFILE": "C:\\Users\\QAHW",
      "VXIPNPPATH": "C:\\Program Files (x86)\\IVI Foundation\\VISA\\",
      "VXIPNPPATH64": "C:\\Program Files\\IVI Foundation\\VISA\\",
      "windir": "C:\\WINDOWS"
    },
    "npm": {
      "location": "C:\\Program Files\\nodejs\\npm.cmd",
      "version": "8.5.2"
    }
  },
  "appium": {
    "location": "C:\\Users\\QAHW\\AppData\\Roaming\\npm\\node_modules\\appium",
    "homedir": "C:\\Users\\QAHW\\.appium",
    "build": {
      "version": "2.19.0"
    },
    "drivers": {
      "uiautomator2": {
        "automationName": "UiAutomator2",
        "platformNames": [
          "Android"
        ],
        "mainClass": "AndroidUiautomator2Driver",
        "scripts": {
          "reset": "scripts/reset.js"
        },
        "pkgName": "appium-uiautomator2-driver",
        "version": "4.2.5",
        "appiumVersion": "^2.4.1 || ^3.0.0-beta.0",
        "installType": "npm",
        "installSpec": "uiautomator2",
        "installPath": "C:\\Users\\QAHW\\.appium\\node_modules\\appium-uiautomator2-driver",
        "doctor": {
          "checks": [
            "./build/lib/doctor/required-checks.js",
            "./build/lib/doctor/optional-checks.js"
          ]
        }
      }
    },
    "plugins": {}
  }
}
